2026-06-02.09:17:36  1033  cd ../
2026-06-02.09:17:36  1034  ls
2026-06-02.09:17:49  1035  mkdir old_version
2026-06-02.09:20:45  1036  screen -ls
2026-06-02.09:33:58  1037  screen -x chromDict
2026-06-02.09:34:00  1037  screen -x chromDict
2026-06-02.09:34:00  1037  screen -x chromDict
2026-06-02.09:34:00  1037  screen -x chromDict
2026-06-02.09:34:01  1037  screen -x chromDict
2026-06-02.09:34:01  1037  screen -x chromDict
2026-06-02.09:34:01  1037  screen -x chromDict
2026-06-02.09:34:01  1037  screen -x chromDict
2026-06-02.09:34:01  1037  screen -x chromDict
2026-06-02.09:34:19  1037  screen -x chromDict
2026-06-02.09:34:20  1038  ls
2026-06-02.09:34:26  1039  mv main.nf old_version/
2026-06-02.09:34:28  1040  ls bin
2026-06-02.09:34:39  1041  mv bin/chromdict.R old_version/
2026-06-02.09:34:40  1042  ls
2026-06-02.09:35:06  1043  cat > main.nf
2026-06-02.09:35:07  1044  ls
2026-06-02.10:24:59  1045  screen -x chromDict
2026-06-02.10:25:00  1046  ls
2026-06-02.10:26:04  1047  cat > .gitignore
2026-06-02.10:26:05  1048  ls
2026-06-02.10:26:10  1049  less
2026-06-02.10:26:12  1050  ls .gitignore 
2026-06-02.10:26:24  1051  screen -x chromDicts
2026-06-02.10:26:30  1052  screen -ls
2026-06-02.11:09:02  1053  screen -x chromDict
2026-06-02.11:09:04  1054  clear
2026-06-02.11:09:05  1055  ls
2026-06-02.11:09:21  1056  cat > README.md
2026-06-02.11:09:22  1057  ls
2026-06-02.11:10:23  1058  git init
